<?xml version="1.0" encoding="UTF-8"?>
<!-- Generated by org.testng.reporters.JUnitReportReporter -->
<testsuite ignored="0" hostname="vivek" failures="0" tests="1" name="selenium.loginTest" time="30.303" errors="0" timestamp="01 May 2024 11:34:57 GMT" skipped="0">
  <testcase classname="selenium.loginTest" name="login" time="30.303"/>
</testsuite> <!-- selenium.loginTest -->
